2022-09-28 16:49:15,819 :DEBUG :selenium.webdriver.remote.remote_connection :POST http://localhost:58491/session {"capabilities": {"firstMatch": [{}], "alwaysMatch": {"browserName": "firefox", "acceptInsecureCerts": true, "moz:debuggerAddress": true, "pageLoadStrategy": "normal"}}}
2022-09-28 16:49:15,819 :DEBUG :urllib3.connectionpool :Starting new HTTP connection (1): localhost:58491
2022-09-28 16:49:28,698 :DEBUG :urllib3.connectionpool :http://localhost:58491 "POST /session HTTP/1.1" 200 794
2022-09-28 16:49:28,698 :DEBUG :selenium.webdriver.remote.remote_connection :Remote response: status=200 | data={"value":{"sessionId":"f4ff6d56-f46a-4f9e-9dc7-44eac07202db","capabilities":{"acceptInsecureCerts":true,"browserName":"firefox","browserVersion":"105.0.1","moz:accessibilityChecks":false,"moz:buildID":"20220922151854","moz:debuggerAddress":"127.0.0.1:58492","moz:geckodriverVersion":"0.31.0","moz:headless":false,"moz:platformVersion":"10.0","moz:processID":14212,"moz:profile":"C:\\Users\\GITESH~1\\AppData\\Local\\Temp\\rust_mozprofileWlwqBF","moz:shutdownTimeout":60000,"moz:useNonSpecCompliantPointerOrigin":false,"moz:webdriverClick":true,"moz:windowless":false,"pageLoadStrategy":"normal","platformName":"windows","proxy":{},"setWindowRect":true,"strictFileInteractability":false,"timeouts":{"implicit":0,"pageLoad":300000,"script":30000},"unhandledPromptBehavior":"dismiss and notify"}}} | headers=HTTPHeaderDict({'content-type': 'application/json; charset=utf-8', 'cache-control': 'no-cache', 'content-length': '794', 'date': 'Wed, 28 Sep 2022 11:19:17 GMT'})
2022-09-28 16:49:28,698 :DEBUG :selenium.webdriver.remote.remote_connection :Finished Request
2022-09-28 16:49:28,713 :DEBUG :selenium.webdriver.remote.remote_connection :POST http://localhost:58491/session/f4ff6d56-f46a-4f9e-9dc7-44eac07202db/window/maximize {}
2022-09-28 16:49:28,713 :DEBUG :urllib3.connectionpool :http://localhost:58491 "POST /session/f4ff6d56-f46a-4f9e-9dc7-44eac07202db/window/maximize HTTP/1.1" 200 51
2022-09-28 16:49:28,713 :DEBUG :selenium.webdriver.remote.remote_connection :Remote response: status=200 | data={"value":{"x":-7,"y":-7,"width":1293,"height":733}} | headers=HTTPHeaderDict({'content-type': 'application/json; charset=utf-8', 'cache-control': 'no-cache', 'content-length': '51', 'date': 'Wed, 28 Sep 2022 11:19:28 GMT'})
2022-09-28 16:49:28,729 :DEBUG :selenium.webdriver.remote.remote_connection :Finished Request
2022-09-28 16:49:30,423 :DEBUG :selenium.webdriver.remote.remote_connection :POST http://localhost:54461/session {"capabilities": {"firstMatch": [{}], "alwaysMatch": {"browserName": "firefox", "acceptInsecureCerts": true, "moz:debuggerAddress": true, "pageLoadStrategy": "normal"}}}
2022-09-28 16:49:30,423 :DEBUG :urllib3.connectionpool :Starting new HTTP connection (1): localhost:54461
2022-09-28 16:49:40,634 :DEBUG :urllib3.connectionpool :http://localhost:54461 "POST /session HTTP/1.1" 200 794
2022-09-28 16:49:40,650 :DEBUG :selenium.webdriver.remote.remote_connection :Remote response: status=200 | data={"value":{"sessionId":"6f161898-8d0d-4652-97ea-978ac9fb2478","capabilities":{"acceptInsecureCerts":true,"browserName":"firefox","browserVersion":"105.0.1","moz:accessibilityChecks":false,"moz:buildID":"20220922151854","moz:debuggerAddress":"127.0.0.1:54462","moz:geckodriverVersion":"0.31.0","moz:headless":false,"moz:platformVersion":"10.0","moz:processID":15768,"moz:profile":"C:\\Users\\GITESH~1\\AppData\\Local\\Temp\\rust_mozprofile1hBzR1","moz:shutdownTimeout":60000,"moz:useNonSpecCompliantPointerOrigin":false,"moz:webdriverClick":true,"moz:windowless":false,"pageLoadStrategy":"normal","platformName":"windows","proxy":{},"setWindowRect":true,"strictFileInteractability":false,"timeouts":{"implicit":0,"pageLoad":300000,"script":30000},"unhandledPromptBehavior":"dismiss and notify"}}} | headers=HTTPHeaderDict({'content-type': 'application/json; charset=utf-8', 'cache-control': 'no-cache', 'content-length': '794', 'date': 'Wed, 28 Sep 2022 11:19:32 GMT'})
2022-09-28 16:49:40,650 :DEBUG :selenium.webdriver.remote.remote_connection :Finished Request
2022-09-28 16:49:40,650 :DEBUG :selenium.webdriver.remote.remote_connection :POST http://localhost:54461/session/6f161898-8d0d-4652-97ea-978ac9fb2478/window/maximize {}
2022-09-28 16:49:40,681 :DEBUG :urllib3.connectionpool :http://localhost:54461 "POST /session/6f161898-8d0d-4652-97ea-978ac9fb2478/window/maximize HTTP/1.1" 200 51
2022-09-28 16:49:40,681 :DEBUG :selenium.webdriver.remote.remote_connection :Remote response: status=200 | data={"value":{"x":-7,"y":-7,"width":1293,"height":733}} | headers=HTTPHeaderDict({'content-type': 'application/json; charset=utf-8', 'cache-control': 'no-cache', 'content-length': '51', 'date': 'Wed, 28 Sep 2022 11:19:40 GMT'})
2022-09-28 16:49:40,681 :DEBUG :selenium.webdriver.remote.remote_connection :Finished Request
2022-09-28 16:50:38,915 :DEBUG :selenium.webdriver.remote.remote_connection :POST http://localhost:50842/session {"capabilities": {"firstMatch": [{}], "alwaysMatch": {"browserName": "chrome", "pageLoadStrategy": "normal", "goog:chromeOptions": {"extensions": [], "args": []}}}}
2022-09-28 16:50:38,915 :DEBUG :urllib3.connectionpool :Starting new HTTP connection (1): localhost:50842
2022-09-28 16:50:43,603 :DEBUG :urllib3.connectionpool :http://localhost:50842 "POST /session HTTP/1.1" 200 795
2022-09-28 16:50:43,617 :DEBUG :selenium.webdriver.remote.remote_connection :Remote response: status=200 | data={"value":{"capabilities":{"acceptInsecureCerts":false,"browserName":"chrome","browserVersion":"105.0.5195.127","chrome":{"chromedriverVersion":"104.0.5112.79 (3cf3e8c8a07d104b9e1260c910efb8f383285dc5-refs/branch-heads/5112@{#1307})","userDataDir":"C:\\Users\\GITESH~1\\AppData\\Local\\Temp\\scoped_dir14092_1729473879"},"goog:chromeOptions":{"debuggerAddress":"localhost:50846"},"networkConnectionEnabled":false,"pageLoadStrategy":"normal","platformName":"windows","proxy":{},"setWindowRect":true,"strictFileInteractability":false,"timeouts":{"implicit":0,"pageLoad":300000,"script":30000},"unhandledPromptBehavior":"dismiss and notify","webauthn:extension:credBlob":true,"webauthn:extension:largeBlob":true,"webauthn:virtualAuthenticators":true},"sessionId":"1be29817519e19f073d731a0b7209e1e"}} | headers=HTTPHeaderDict({'Content-Length': '795', 'Content-Type': 'application/json; charset=utf-8', 'cache-control': 'no-cache'})
2022-09-28 16:50:43,617 :DEBUG :selenium.webdriver.remote.remote_connection :Finished Request
2022-09-28 16:50:43,617 :DEBUG :selenium.webdriver.remote.remote_connection :POST http://localhost:50842/session/1be29817519e19f073d731a0b7209e1e/window/maximize {}
2022-09-28 16:50:43,894 :DEBUG :urllib3.connectionpool :http://localhost:50842 "POST /session/1be29817519e19f073d731a0b7209e1e/window/maximize HTTP/1.1" 200 51
2022-09-28 16:50:43,894 :DEBUG :selenium.webdriver.remote.remote_connection :Remote response: status=200 | data={"value":{"height":734,"width":1294,"x":-7,"y":-7}} | headers=HTTPHeaderDict({'Content-Length': '51', 'Content-Type': 'application/json; charset=utf-8', 'cache-control': 'no-cache'})
2022-09-28 16:50:43,894 :DEBUG :selenium.webdriver.remote.remote_connection :Finished Request
2022-09-28 16:50:43,894 :DEBUG :selenium.webdriver.remote.remote_connection :POST http://localhost:50842/session/1be29817519e19f073d731a0b7209e1e/timeouts {"implicit": 4000}
2022-09-28 16:50:43,909 :DEBUG :urllib3.connectionpool :http://localhost:50842 "POST /session/1be29817519e19f073d731a0b7209e1e/timeouts HTTP/1.1" 200 14
2022-09-28 16:50:43,909 :DEBUG :selenium.webdriver.remote.remote_connection :Remote response: status=200 | data={"value":null} | headers=HTTPHeaderDict({'Content-Length': '14', 'Content-Type': 'application/json; charset=utf-8', 'cache-control': 'no-cache'})
2022-09-28 16:50:43,909 :DEBUG :selenium.webdriver.remote.remote_connection :Finished Request
2022-09-28 16:50:44,978 :DEBUG :selenium.webdriver.remote.remote_connection :POST http://localhost:50854/session {"capabilities": {"firstMatch": [{}], "alwaysMatch": {"browserName": "chrome", "pageLoadStrategy": "normal", "goog:chromeOptions": {"extensions": [], "args": []}}}}
2022-09-28 16:50:44,978 :DEBUG :urllib3.connectionpool :Starting new HTTP connection (1): localhost:50854
2022-09-28 16:50:47,353 :DEBUG :urllib3.connectionpool :http://localhost:50854 "POST /session HTTP/1.1" 200 794
2022-09-28 16:50:47,353 :DEBUG :selenium.webdriver.remote.remote_connection :Remote response: status=200 | data={"value":{"capabilities":{"acceptInsecureCerts":false,"browserName":"chrome","browserVersion":"105.0.5195.127","chrome":{"chromedriverVersion":"104.0.5112.79 (3cf3e8c8a07d104b9e1260c910efb8f383285dc5-refs/branch-heads/5112@{#1307})","userDataDir":"C:\\Users\\GITESH~1\\AppData\\Local\\Temp\\scoped_dir5052_1418404503"},"goog:chromeOptions":{"debuggerAddress":"localhost:50857"},"networkConnectionEnabled":false,"pageLoadStrategy":"normal","platformName":"windows","proxy":{},"setWindowRect":true,"strictFileInteractability":false,"timeouts":{"implicit":0,"pageLoad":300000,"script":30000},"unhandledPromptBehavior":"dismiss and notify","webauthn:extension:credBlob":true,"webauthn:extension:largeBlob":true,"webauthn:virtualAuthenticators":true},"sessionId":"f9aa047ee3e163f55775b2750954e260"}} | headers=HTTPHeaderDict({'Content-Length': '794', 'Content-Type': 'application/json; charset=utf-8', 'cache-control': 'no-cache'})
2022-09-28 16:50:47,353 :DEBUG :selenium.webdriver.remote.remote_connection :Finished Request
2022-09-28 16:50:47,361 :DEBUG :selenium.webdriver.remote.remote_connection :POST http://localhost:50854/session/f9aa047ee3e163f55775b2750954e260/window/maximize {}
2022-09-28 16:50:47,520 :DEBUG :urllib3.connectionpool :http://localhost:50854 "POST /session/f9aa047ee3e163f55775b2750954e260/window/maximize HTTP/1.1" 200 51
2022-09-28 16:50:47,520 :DEBUG :selenium.webdriver.remote.remote_connection :Remote response: status=200 | data={"value":{"height":734,"width":1294,"x":-7,"y":-7}} | headers=HTTPHeaderDict({'Content-Length': '51', 'Content-Type': 'application/json; charset=utf-8', 'cache-control': 'no-cache'})
2022-09-28 16:50:47,528 :DEBUG :selenium.webdriver.remote.remote_connection :Finished Request
2022-09-28 16:50:47,528 :DEBUG :selenium.webdriver.remote.remote_connection :POST http://localhost:50854/session/f9aa047ee3e163f55775b2750954e260/timeouts {"implicit": 4000}
2022-09-28 16:50:47,531 :DEBUG :urllib3.connectionpool :http://localhost:50854 "POST /session/f9aa047ee3e163f55775b2750954e260/timeouts HTTP/1.1" 200 14
2022-09-28 16:50:47,531 :DEBUG :selenium.webdriver.remote.remote_connection :Remote response: status=200 | data={"value":null} | headers=HTTPHeaderDict({'Content-Length': '14', 'Content-Type': 'application/json; charset=utf-8', 'cache-control': 'no-cache'})
2022-09-28 16:50:47,531 :DEBUG :selenium.webdriver.remote.remote_connection :Finished Request
