2022-09-29 17:30:25,377 :INFO :ZoomVenues :................ Cokarge Page Test ...............
2022-09-29 17:30:37,970 :INFO :ZoomVenues :................ Cokarge Page Test ...............
2022-09-29 17:30:40,968 :INFO :ZoomVenues :................ Vendor SignIn ...............
2022-09-29 17:30:52,368 :INFO :ZoomVenues :................ Click Cokarge List ...............
2022-09-29 17:30:55,785 :INFO :ZoomVenues :................ Click Edit...............
2022-09-29 17:30:59,344 :INFO :ZoomVenues :................ Select Corkage...............
2022-09-29 17:31:48,109 :INFO :ZoomVenues :................ End Test...............
2022-09-29 17:31:50,888 :INFO :ZoomVenues :................ Cokarge Page Test ...............
2022-09-29 17:32:01,275 :INFO :ZoomVenues :................ Vendor SignIn ...............
2022-09-29 17:32:13,467 :INFO :ZoomVenues :................ Click Cokarge List ...............
2022-09-29 17:32:16,769 :INFO :ZoomVenues :................ Click Edit...............
2022-09-29 17:32:20,108 :INFO :ZoomVenues :................ Delete Item ...............
2022-09-29 17:32:29,534 :INFO :ZoomVenues :................ End test ...............
2022-09-29 17:33:53,484 :INFO :ZoomVenues :................ Cokarge Page Test ...............
2022-09-29 17:34:07,469 :INFO :ZoomVenues :................ Cokarge Page Test ...............
2022-09-29 17:34:10,690 :INFO :ZoomVenues :................ Vendor SignIn ...............
2022-09-29 17:34:22,393 :INFO :ZoomVenues :................ Click Cokarge List ...............
2022-09-29 17:34:25,881 :INFO :ZoomVenues :................ Click Edit...............
2022-09-29 17:34:29,635 :INFO :ZoomVenues :................ Select Corkage...............
2022-09-29 17:35:18,244 :INFO :ZoomVenues :................ End Test...............
2022-09-29 17:35:20,850 :INFO :ZoomVenues :................ Cokarge Page Test ...............
2022-09-29 17:35:31,836 :INFO :ZoomVenues :................ Vendor SignIn ...............
2022-09-29 17:35:45,605 :INFO :ZoomVenues :................ Click Cokarge List ...............
2022-09-29 17:35:48,913 :INFO :ZoomVenues :................ Click Edit...............
2022-09-29 17:35:52,503 :INFO :ZoomVenues :................ Delete Item ...............
2022-09-29 17:36:01,480 :INFO :ZoomVenues :................ End test ...............
2022-09-29 17:43:17,754 :INFO :ZoomVenues :*****************Test Corkage Page ******************
2022-09-29 17:43:17,754 :INFO :ZoomVenues :*****************Test Corkage Page ******************
2022-09-29 17:43:17,754 :INFO :ZoomVenues :*****************Test Corkage Page ******************
2022-09-29 17:43:17,754 :INFO :ZoomVenues :*****************Test Corkage Page ******************
2022-09-29 17:43:17,754 :INFO :ZoomVenues :*****************Test Corkage Page ******************
2022-09-29 17:43:17,754 :INFO :ZoomVenues :*****************Test Corkage Page ******************
2022-09-29 17:43:17,754 :INFO :ZoomVenues :*****************Test Corkage Page ******************
2022-09-29 17:43:17,754 :INFO :ZoomVenues :*****************Test Corkage Page ******************
2022-09-29 17:43:17,754 :INFO :ZoomVenues :*****************Test Corkage Page ******************
2022-09-29 17:43:17,754 :INFO :ZoomVenues :*****************Test Corkage Page ******************
2022-09-29 17:43:17,754 :INFO :ZoomVenues :*****************Test Corkage Page ******************
2022-09-29 17:43:17,754 :INFO :ZoomVenues :**************Verify HomePage Title******************
2022-09-29 17:43:17,754 :INFO :ZoomVenues :**************Verify HomePage Title******************
2022-09-29 17:43:17,754 :INFO :ZoomVenues :**************Verify HomePage Title******************
2022-09-29 17:43:17,754 :INFO :ZoomVenues :**************Verify HomePage Title******************
2022-09-29 17:43:17,754 :INFO :ZoomVenues :**************Verify HomePage Title******************
2022-09-29 17:43:17,754 :INFO :ZoomVenues :**************Verify HomePage Title******************
2022-09-29 17:43:17,754 :INFO :ZoomVenues :**************Verify HomePage Title******************
2022-09-29 17:43:17,754 :INFO :ZoomVenues :**************Verify HomePage Title******************
2022-09-29 17:43:17,754 :INFO :ZoomVenues :**************Verify HomePage Title******************
2022-09-29 17:43:17,754 :INFO :ZoomVenues :**************Verify HomePage Title******************
2022-09-29 17:43:17,754 :INFO :ZoomVenues :**************Verify HomePage Title******************
2022-09-29 17:43:25,085 :INFO :ZoomVenues :**************Home Page title Test are Passed******************
2022-09-29 17:43:25,085 :INFO :ZoomVenues :**************Home Page title Test are Passed******************
2022-09-29 17:43:25,085 :INFO :ZoomVenues :**************Home Page title Test are Passed******************
2022-09-29 17:43:25,085 :INFO :ZoomVenues :**************Home Page title Test are Passed******************
2022-09-29 17:43:25,085 :INFO :ZoomVenues :**************Home Page title Test are Passed******************
2022-09-29 17:43:25,085 :INFO :ZoomVenues :**************Home Page title Test are Passed******************
2022-09-29 17:43:25,085 :INFO :ZoomVenues :**************Home Page title Test are Passed******************
2022-09-29 17:43:25,085 :INFO :ZoomVenues :**************Home Page title Test are Passed******************
2022-09-29 17:43:25,085 :INFO :ZoomVenues :**************Home Page title Test are Passed******************
2022-09-29 17:43:25,085 :INFO :ZoomVenues :**************Home Page title Test are Passed******************
2022-09-29 17:43:25,085 :INFO :ZoomVenues :**************Home Page title Test are Passed******************
2022-09-29 17:43:28,941 :INFO :ZoomVenues :................ Cokarge Page Test ...............
2022-09-29 17:43:28,941 :INFO :ZoomVenues :................ Cokarge Page Test ...............
2022-09-29 17:43:28,941 :INFO :ZoomVenues :................ Cokarge Page Test ...............
2022-09-29 17:43:28,941 :INFO :ZoomVenues :................ Cokarge Page Test ...............
2022-09-29 17:43:28,941 :INFO :ZoomVenues :................ Cokarge Page Test ...............
2022-09-29 17:43:28,941 :INFO :ZoomVenues :................ Cokarge Page Test ...............
2022-09-29 17:43:28,941 :INFO :ZoomVenues :................ Cokarge Page Test ...............
2022-09-29 17:43:28,941 :INFO :ZoomVenues :................ Cokarge Page Test ...............
2022-09-29 17:43:28,941 :INFO :ZoomVenues :................ Cokarge Page Test ...............
2022-09-29 17:43:28,941 :INFO :ZoomVenues :................ Cokarge Page Test ...............
2022-09-29 17:43:28,941 :INFO :ZoomVenues :................ Cokarge Page Test ...............
2022-09-29 17:43:42,231 :INFO :ZoomVenues :................ Cokarge Page Test ...............
2022-09-29 17:43:42,231 :INFO :ZoomVenues :................ Cokarge Page Test ...............
2022-09-29 17:43:42,231 :INFO :ZoomVenues :................ Cokarge Page Test ...............
2022-09-29 17:43:42,231 :INFO :ZoomVenues :................ Cokarge Page Test ...............
2022-09-29 17:43:42,231 :INFO :ZoomVenues :................ Cokarge Page Test ...............
2022-09-29 17:43:42,231 :INFO :ZoomVenues :................ Cokarge Page Test ...............
2022-09-29 17:43:42,231 :INFO :ZoomVenues :................ Cokarge Page Test ...............
2022-09-29 17:43:42,231 :INFO :ZoomVenues :................ Cokarge Page Test ...............
2022-09-29 17:43:42,231 :INFO :ZoomVenues :................ Cokarge Page Test ...............
2022-09-29 17:43:42,231 :INFO :ZoomVenues :................ Cokarge Page Test ...............
2022-09-29 17:43:42,231 :INFO :ZoomVenues :................ Cokarge Page Test ...............
2022-09-29 17:43:45,804 :INFO :ZoomVenues :................ Vendor SignIn ...............
2022-09-29 17:43:45,804 :INFO :ZoomVenues :................ Vendor SignIn ...............
2022-09-29 17:43:45,804 :INFO :ZoomVenues :................ Vendor SignIn ...............
2022-09-29 17:43:45,804 :INFO :ZoomVenues :................ Vendor SignIn ...............
2022-09-29 17:43:45,804 :INFO :ZoomVenues :................ Vendor SignIn ...............
2022-09-29 17:43:45,804 :INFO :ZoomVenues :................ Vendor SignIn ...............
2022-09-29 17:43:45,804 :INFO :ZoomVenues :................ Vendor SignIn ...............
2022-09-29 17:43:45,804 :INFO :ZoomVenues :................ Vendor SignIn ...............
2022-09-29 17:43:45,804 :INFO :ZoomVenues :................ Vendor SignIn ...............
2022-09-29 17:43:45,804 :INFO :ZoomVenues :................ Vendor SignIn ...............
2022-09-29 17:43:45,804 :INFO :ZoomVenues :................ Vendor SignIn ...............
2022-09-29 17:43:56,391 :INFO :ZoomVenues :................ Click Cokarge List ...............
2022-09-29 17:43:56,391 :INFO :ZoomVenues :................ Click Cokarge List ...............
2022-09-29 17:43:56,391 :INFO :ZoomVenues :................ Click Cokarge List ...............
2022-09-29 17:43:56,391 :INFO :ZoomVenues :................ Click Cokarge List ...............
2022-09-29 17:43:56,391 :INFO :ZoomVenues :................ Click Cokarge List ...............
2022-09-29 17:43:56,391 :INFO :ZoomVenues :................ Click Cokarge List ...............
2022-09-29 17:43:56,391 :INFO :ZoomVenues :................ Click Cokarge List ...............
2022-09-29 17:43:56,391 :INFO :ZoomVenues :................ Click Cokarge List ...............
2022-09-29 17:43:56,391 :INFO :ZoomVenues :................ Click Cokarge List ...............
2022-09-29 17:43:56,391 :INFO :ZoomVenues :................ Click Cokarge List ...............
2022-09-29 17:43:56,391 :INFO :ZoomVenues :................ Click Cokarge List ...............
2022-09-29 17:43:59,873 :INFO :ZoomVenues :................ Click Edit...............
2022-09-29 17:43:59,873 :INFO :ZoomVenues :................ Click Edit...............
2022-09-29 17:43:59,873 :INFO :ZoomVenues :................ Click Edit...............
2022-09-29 17:43:59,873 :INFO :ZoomVenues :................ Click Edit...............
2022-09-29 17:43:59,873 :INFO :ZoomVenues :................ Click Edit...............
2022-09-29 17:43:59,873 :INFO :ZoomVenues :................ Click Edit...............
2022-09-29 17:43:59,873 :INFO :ZoomVenues :................ Click Edit...............
2022-09-29 17:43:59,873 :INFO :ZoomVenues :................ Click Edit...............
2022-09-29 17:43:59,873 :INFO :ZoomVenues :................ Click Edit...............
2022-09-29 17:43:59,873 :INFO :ZoomVenues :................ Click Edit...............
2022-09-29 17:43:59,873 :INFO :ZoomVenues :................ Click Edit...............
2022-09-29 17:44:03,219 :INFO :ZoomVenues :................ Select Corkage...............
2022-09-29 17:44:03,219 :INFO :ZoomVenues :................ Select Corkage...............
2022-09-29 17:44:03,219 :INFO :ZoomVenues :................ Select Corkage...............
2022-09-29 17:44:03,219 :INFO :ZoomVenues :................ Select Corkage...............
2022-09-29 17:44:03,219 :INFO :ZoomVenues :................ Select Corkage...............
2022-09-29 17:44:03,219 :INFO :ZoomVenues :................ Select Corkage...............
2022-09-29 17:44:03,219 :INFO :ZoomVenues :................ Select Corkage...............
2022-09-29 17:44:03,219 :INFO :ZoomVenues :................ Select Corkage...............
2022-09-29 17:44:03,219 :INFO :ZoomVenues :................ Select Corkage...............
2022-09-29 17:44:03,219 :INFO :ZoomVenues :................ Select Corkage...............
2022-09-29 17:44:03,219 :INFO :ZoomVenues :................ Select Corkage...............
2022-09-29 17:44:51,711 :INFO :ZoomVenues :................ End Test...............
2022-09-29 17:44:51,711 :INFO :ZoomVenues :................ End Test...............
2022-09-29 17:44:51,711 :INFO :ZoomVenues :................ End Test...............
2022-09-29 17:44:51,711 :INFO :ZoomVenues :................ End Test...............
2022-09-29 17:44:51,711 :INFO :ZoomVenues :................ End Test...............
2022-09-29 17:44:51,711 :INFO :ZoomVenues :................ End Test...............
2022-09-29 17:44:51,711 :INFO :ZoomVenues :................ End Test...............
2022-09-29 17:44:51,711 :INFO :ZoomVenues :................ End Test...............
2022-09-29 17:44:51,711 :INFO :ZoomVenues :................ End Test...............
2022-09-29 17:44:51,711 :INFO :ZoomVenues :................ End Test...............
2022-09-29 17:44:51,711 :INFO :ZoomVenues :................ End Test...............
2022-09-29 17:44:54,369 :INFO :ZoomVenues :................ Cokarge Page Test ...............
2022-09-29 17:44:54,369 :INFO :ZoomVenues :................ Cokarge Page Test ...............
2022-09-29 17:44:54,369 :INFO :ZoomVenues :................ Cokarge Page Test ...............
2022-09-29 17:44:54,369 :INFO :ZoomVenues :................ Cokarge Page Test ...............
2022-09-29 17:44:54,369 :INFO :ZoomVenues :................ Cokarge Page Test ...............
2022-09-29 17:44:54,369 :INFO :ZoomVenues :................ Cokarge Page Test ...............
2022-09-29 17:44:54,369 :INFO :ZoomVenues :................ Cokarge Page Test ...............
2022-09-29 17:44:54,369 :INFO :ZoomVenues :................ Cokarge Page Test ...............
2022-09-29 17:44:54,369 :INFO :ZoomVenues :................ Cokarge Page Test ...............
2022-09-29 17:44:54,369 :INFO :ZoomVenues :................ Cokarge Page Test ...............
2022-09-29 17:44:54,369 :INFO :ZoomVenues :................ Cokarge Page Test ...............
2022-09-29 17:45:05,008 :INFO :ZoomVenues :................ Vendor SignIn ...............
2022-09-29 17:45:05,008 :INFO :ZoomVenues :................ Vendor SignIn ...............
2022-09-29 17:45:05,008 :INFO :ZoomVenues :................ Vendor SignIn ...............
2022-09-29 17:45:05,008 :INFO :ZoomVenues :................ Vendor SignIn ...............
2022-09-29 17:45:05,008 :INFO :ZoomVenues :................ Vendor SignIn ...............
2022-09-29 17:45:05,008 :INFO :ZoomVenues :................ Vendor SignIn ...............
2022-09-29 17:45:05,008 :INFO :ZoomVenues :................ Vendor SignIn ...............
2022-09-29 17:45:05,008 :INFO :ZoomVenues :................ Vendor SignIn ...............
2022-09-29 17:45:05,008 :INFO :ZoomVenues :................ Vendor SignIn ...............
2022-09-29 17:45:05,008 :INFO :ZoomVenues :................ Vendor SignIn ...............
2022-09-29 17:45:05,008 :INFO :ZoomVenues :................ Vendor SignIn ...............
2022-09-29 17:45:17,320 :INFO :ZoomVenues :................ Click Cokarge List ...............
2022-09-29 17:45:17,320 :INFO :ZoomVenues :................ Click Cokarge List ...............
2022-09-29 17:45:17,320 :INFO :ZoomVenues :................ Click Cokarge List ...............
2022-09-29 17:45:17,320 :INFO :ZoomVenues :................ Click Cokarge List ...............
2022-09-29 17:45:17,320 :INFO :ZoomVenues :................ Click Cokarge List ...............
2022-09-29 17:45:17,320 :INFO :ZoomVenues :................ Click Cokarge List ...............
2022-09-29 17:45:17,320 :INFO :ZoomVenues :................ Click Cokarge List ...............
2022-09-29 17:45:17,320 :INFO :ZoomVenues :................ Click Cokarge List ...............
2022-09-29 17:45:17,320 :INFO :ZoomVenues :................ Click Cokarge List ...............
2022-09-29 17:45:17,320 :INFO :ZoomVenues :................ Click Cokarge List ...............
2022-09-29 17:45:17,320 :INFO :ZoomVenues :................ Click Cokarge List ...............
2022-09-29 17:45:20,655 :INFO :ZoomVenues :................ Click Edit...............
2022-09-29 17:45:20,655 :INFO :ZoomVenues :................ Click Edit...............
2022-09-29 17:45:20,655 :INFO :ZoomVenues :................ Click Edit...............
2022-09-29 17:45:20,655 :INFO :ZoomVenues :................ Click Edit...............
2022-09-29 17:45:20,655 :INFO :ZoomVenues :................ Click Edit...............
2022-09-29 17:45:20,655 :INFO :ZoomVenues :................ Click Edit...............
2022-09-29 17:45:20,655 :INFO :ZoomVenues :................ Click Edit...............
2022-09-29 17:45:20,655 :INFO :ZoomVenues :................ Click Edit...............
2022-09-29 17:45:20,655 :INFO :ZoomVenues :................ Click Edit...............
2022-09-29 17:45:20,655 :INFO :ZoomVenues :................ Click Edit...............
2022-09-29 17:45:20,655 :INFO :ZoomVenues :................ Click Edit...............
2022-09-29 17:45:23,804 :INFO :ZoomVenues :................ Delete Item ...............
2022-09-29 17:45:23,804 :INFO :ZoomVenues :................ Delete Item ...............
2022-09-29 17:45:23,804 :INFO :ZoomVenues :................ Delete Item ...............
2022-09-29 17:45:23,804 :INFO :ZoomVenues :................ Delete Item ...............
2022-09-29 17:45:23,804 :INFO :ZoomVenues :................ Delete Item ...............
2022-09-29 17:45:23,804 :INFO :ZoomVenues :................ Delete Item ...............
2022-09-29 17:45:23,804 :INFO :ZoomVenues :................ Delete Item ...............
2022-09-29 17:45:23,804 :INFO :ZoomVenues :................ Delete Item ...............
2022-09-29 17:45:23,804 :INFO :ZoomVenues :................ Delete Item ...............
2022-09-29 17:45:23,804 :INFO :ZoomVenues :................ Delete Item ...............
2022-09-29 17:45:23,804 :INFO :ZoomVenues :................ Delete Item ...............
2022-09-29 17:45:32,985 :INFO :ZoomVenues :................ End test ...............
2022-09-29 17:45:32,985 :INFO :ZoomVenues :................ End test ...............
2022-09-29 17:45:32,985 :INFO :ZoomVenues :................ End test ...............
2022-09-29 17:45:32,985 :INFO :ZoomVenues :................ End test ...............
2022-09-29 17:45:32,985 :INFO :ZoomVenues :................ End test ...............
2022-09-29 17:45:32,985 :INFO :ZoomVenues :................ End test ...............
2022-09-29 17:45:32,985 :INFO :ZoomVenues :................ End test ...............
2022-09-29 17:45:32,985 :INFO :ZoomVenues :................ End test ...............
2022-09-29 17:45:32,985 :INFO :ZoomVenues :................ End test ...............
2022-09-29 17:45:32,985 :INFO :ZoomVenues :................ End test ...............
2022-09-29 17:45:32,985 :INFO :ZoomVenues :................ End test ...............
